#
# There is insufficient memory for the Java Runtime Environment to continue.
# Native memory allocation (mmap) failed to map 65536 bytes for Failed to commit metaspace.
# Possible reasons:
#   The system is out of physical RAM or swap space
#   The process is running with CompressedOops enabled, and the Java Heap may be blocking the growth of the native heap
# Possible solutions:
#   Reduce memory load on the system
#   Increase physical memory or swap space
#   Check if swap backing store is full
#   Decrease Java heap size (-Xmx/-Xms)
#   Decrease number of Java threads
#   Decrease Java thread stack sizes (-Xss)
#   Set larger code cache with -XX:ReservedCodeCacheSize=
#   JVM is running with Zero Based Compressed Oops mode in which the Java heap is
#     placed in the first 32GB address space. The Java Heap base address is the
#     maximum limit for the native heap growth. Please use -XX:HeapBaseMinAddress
#     to set the Java Heap base and to place the Java Heap above 32GB virtual address.
# This output file may be truncated or incomplete.
#
#  Out of Memory Error (virtualSpaceNode.cpp:110), pid=25880, tid=27304
#
# JRE version: OpenJDK Runtime Environment JBR-17.0.8+7-1000.8-jcef (17.0.8+7) (build 17.0.8+7-b1000.8)
# Java VM: OpenJDK 64-Bit Server VM JBR-17.0.8+7-1000.8-jcef (17.0.8+7-b1000.8, mixed mode, tiered, compressed oops, compressed class ptrs, g1 gc, windows-amd64)
# No core dump will be written. Minidumps are not enabled by default on client versions of Windows
#

---------------  S U M M A R Y ------------

Command Line: git4idea.http.GitAskPassApp Username for 'https://github.com': 

Host: Intel(R) Core(TM) i5-10300H CPU @ 2.50GHz, 8 cores, 15G,  Windows 11 , 64 bit Build 22621 (10.0.22621.2215)
Time: Sun Sep 17 18:31:49 2023 SE Asia Standard Time elapsed time: 0.217124 seconds (0d 0h 0m 0s)

---------------  T H R E A D  ---------------

Current thread (0x000001b9122a96e0):  JavaThread "main" [_thread_in_vm, id=27304, stack(0x000000941ad00000,0x000000941ae00000)]

Stack: [0x000000941ad00000,0x000000941ae00000]
Native frames: (J=compiled Java code, j=interpreted, Vv=VM code, C=native code)
V  [jvm.dll+0x6852da]
V  [jvm.dll+0x844c84]
V  [jvm.dll+0x84659e]
V  [jvm.dll+0x846c03]
V  [jvm.dll+0x24b7cf]
V  [jvm.dll+0x84003b]
V  [jvm.dll+0x6296c6]
V  [jvm.dll+0x62972a]
V  [jvm.dll+0x62bf4a]
V  [jvm.dll+0x62a066]
V  [jvm.dll+0x240ad0]
V  [jvm.dll+0x1ef8dd]
V  [jvm.dll+0x1e529c]
V  [jvm.dll+0x54b27d]
V  [jvm.dll+0x1f5ccb]
V  [jvm.dll+0x7be1db]
V  [jvm.dll+0x7bf622]
V  [jvm.dll+0x7bf958]
V  [jvm.dll+0x24345e]
V  [jvm.dll+0x386efe]
C  0x000001b91cf5b704

Java frames: (J=compiled Java code, j=interpreted, Vv=VM code)
j  java.lang.invoke.VarHandles.makeFieldHandle(Ljava/lang/invoke/MemberName;Ljava/lang/Class;Ljava/lang/Class;Z)Ljava/lang/invoke/VarHandle;+45 java.base@17.0.8
j  java.lang.invoke.MethodHandles$Lookup.getFieldVarHandleCommon(BBLjava/lang/Class;Ljava/lang/invoke/MemberName;Ljava/lang/invoke/MemberName;Z)Ljava/lang/invoke/VarHandle;+270 java.base@17.0.8
j  java.lang.invoke.MethodHandles$Lookup.getFieldVarHandle(BBLjava/lang/Class;Ljava/lang/invoke/MemberName;Ljava/lang/invoke/MemberName;)Ljava/lang/invoke/VarHandle;+12 java.base@17.0.8
j  java.lang.invoke.MethodHandles$Lookup.findVarHandle(Ljava/lang/Class;Ljava/lang/String;Ljava/lang/Class;)Ljava/lang/invoke/VarHandle;+28 java.base@17.0.8
j  java.util.concurrent.ConcurrentSkipListMap.<clinit>()V+12 java.base@17.0.8
v  ~StubRoutines::call_stub
j  java.util.concurrent.ConcurrentSkipListSet.<init>()V+5 java.base@17.0.8
j  java.net.InetAddress.<clinit>()V+106 java.base@17.0.8
v  ~StubRoutines::call_stub
j  java.net.NetworkInterface.init()V+0 java.base@17.0.8
j  java.net.NetworkInterface.<clinit>()V+5 java.base@17.0.8
v  ~StubRoutines::call_stub
j  sun.security.provider.SeedGenerator.addNetworkAdapterInfo(Ljava/security/MessageDigest;)V+0 java.base@17.0.8
j  sun.security.provider.SeedGenerator$1.run()Ljava/lang/Void;+66 java.base@17.0.8
j  sun.security.provider.SeedGenerator$1.run()Ljava/lang/Object;+1 java.base@17.0.8
j  java.security.AccessController.executePrivileged(Ljava/security/PrivilegedAction;Ljava/security/AccessControlContext;Ljava/lang/Class;)Ljava/lang/Object;+29 java.base@17.0.8
j  java.security.AccessController.doPrivileged(Ljava/security/PrivilegedAction;)Ljava/lang/Object;+5 java.base@17.0.8
j  sun.security.provider.SeedGenerator.getSystemEntropy()[B+40 java.base@17.0.8
j  sun.security.provider.AbstractDrbg$SeederHolder.<clinit>()V+28 java.base@17.0.8
v  ~StubRoutines::call_stub
j  sun.security.provider.AbstractDrbg.getEntropyInput(IIIZ)[B+87 java.base@17.0.8
j  sun.security.provider.AbstractDrbg.getEntropyInput(Z)[B+14 java.base@17.0.8
j  sun.security.provider.AbstractDrbg.instantiateIfNecessary([B)V+16 java.base@17.0.8
j  sun.security.provider.AbstractDrbg.engineNextBytes([BLjava/security/SecureRandomParameters;)V+162 java.base@17.0.8
j  sun.security.provider.AbstractDrbg.engineNextBytes([B)V+11 java.base@17.0.8
j  sun.security.provider.DRBG.engineNextBytes([B)V+5 java.base@17.0.8
j  java.security.SecureRandom.nextBytes([B)V+12 java.base@17.0.8
j  java.security.SecureRandom.next(I)I+17 java.base@17.0.8
j  java.util.Random.nextInt()I+3 java.base@17.0.8
j  sun.security.ssl.SSLContextImpl.engineInit([Ljavax/net/ssl/KeyManager;[Ljavax/net/ssl/TrustManager;Ljava/security/SecureRandom;)V+105 java.base@17.0.8
j  javax.net.ssl.SSLContext.init([Ljavax/net/ssl/KeyManager;[Ljavax/net/ssl/TrustManager;Ljava/security/SecureRandom;)V+7 java.base@17.0.8
j  externalApp.ExternalAppUtil.sendIdeRequest(Ljava/lang/String;ILjava/lang/String;Ljava/lang/String;)LexternalApp/ExternalAppUtil$Result;+45
j  git4idea.http.GitAskPassApp.main([Ljava/lang/String;)V+37
v  ~StubRoutines::call_stub

---------------  P R O C E S S  ---------------

Threads class SMR info:
_java_thread_list=0x000001b9352a7b40, length=12, elements={
0x000001b9122a96e0, 0x000001b935050f60, 0x000001b935052800, 0x000001b9350b1de0,
0x000001b9350a5a20, 0x000001b9350a8c10, 0x000001b9350ab5e0, 0x000001b9350ad530,
0x000001b9350b6bb0, 0x000001b9350b88e0, 0x000001b9352a4690, 0x000001b9352b85d0
}

Java Threads: ( => current thread )
=>0x000001b9122a96e0 JavaThread "main" [_thread_in_vm, id=27304, stack(0x000000941ad00000,0x000000941ae00000)]
  0x000001b935050f60 JavaThread "Reference Handler" daemon [_thread_blocked, id=24868, stack(0x000000941b400000,0x000000941b500000)]
  0x000001b935052800 JavaThread "Finalizer" daemon [_thread_blocked, id=24156, stack(0x000000941b500000,0x000000941b600000)]
  0x000001b9350b1de0 JavaThread "Signal Dispatcher" daemon [_thread_blocked, id=16616, stack(0x000000941b600000,0x000000941b700000)]
  0x000001b9350a5a20 JavaThread "Attach Listener" daemon [_thread_blocked, id=28124, stack(0x000000941b700000,0x000000941b800000)]
  0x000001b9350a8c10 JavaThread "Service Thread" daemon [_thread_blocked, id=29640, stack(0x000000941b800000,0x000000941b900000)]
  0x000001b9350ab5e0 JavaThread "Monitor Deflation Thread" daemon [_thread_blocked, id=13164, stack(0x000000941b900000,0x000000941ba00000)]
  0x000001b9350ad530 JavaThread "C2 CompilerThread0" daemon [_thread_blocked, id=21920, stack(0x000000941ba00000,0x000000941bb00000)]
  0x000001b9350b6bb0 JavaThread "C1 CompilerThread0" daemon [_thread_blocked, id=24616, stack(0x000000941bb00000,0x000000941bc00000)]
  0x000001b9350b88e0 JavaThread "Sweeper thread" daemon [_thread_blocked, id=29572, stack(0x000000941bc00000,0x000000941bd00000)]
  0x000001b9352a4690 JavaThread "Notification Thread" daemon [_thread_blocked, id=18564, stack(0x000000941bd00000,0x000000941be00000)]
  0x000001b9352b85d0 JavaThread "Common-Cleaner" daemon [_thread_blocked, id=17020, stack(0x000000941bf00000,0x000000941c000000)]

Other Threads:
  0x000001b930e56610 VMThread "VM Thread" [stack: 0x000000941b300000,0x000000941b400000] [id=2840]
  0x000001b91232ea50 WatcherThread [stack: 0x000000941be00000,0x000000941bf00000] [id=30404]
  0x000001b912314ca0 GCTaskThread "GC Thread#0" [stack: 0x000000941ae00000,0x000000941af00000] [id=8108]
  0x000001b912326d50 ConcurrentGCThread "G1 Main Marker" [stack: 0x000000941af00000,0x000000941b000000] [id=16040]
  0x000001b912327f00 ConcurrentGCThread "G1 Conc#0" [stack: 0x000000941b000000,0x000000941b100000] [id=11564]
  0x000001b91235eb80 ConcurrentGCThread "G1 Refine#0" [stack: 0x000000941b100000,0x000000941b200000] [id=22224]
  0x000001b930d007b0 ConcurrentGCThread "G1 Service" [stack: 0x000000941b200000,0x000000941b300000] [id=8264]

Threads with active compile tasks:

VM state: not at safepoint (normal execution)

VM Mutex/Monitor currently owned by a thread:  ([mutex/lock_event])
[0x000001b9100ce310] Metaspace_lock - owner thread: 0x000001b9122a96e0

Heap address: 0x0000000702a00000, size: 4054 MB, Compressed Oops mode: Zero based, Oop shift amount: 3

CDS archive(s) not mapped
Compressed class space mapped at: 0x0000000800000000-0x0000000840000000, reserved size: 1073741824
Narrow klass base: 0x0000000800000000, Narrow klass shift: 0, Narrow klass range: 0x40000000

GC Precious Log:
 CPUs: 8 total, 8 available
 Memory: 16215M
 Large Page Support: Disabled
 NUMA Support: Disabled
 Compressed Oops: Enabled (Zero based)
 Heap Region Size: 2M
 Heap Min Capacity: 8M
 Heap Initial Capacity: 254M
 Heap Max Capacity: 4054M
 Pre-touch: Disabled
 Parallel Workers: 8
 Concurrent Workers: 2
 Concurrent Refinement Workers: 8
 Periodic GC: Disabled

Heap:
 garbage-first heap   total 260096K, used 4096K [0x0000000702a00000, 0x0000000800000000)
  region size 2048K, 3 young (6144K), 0 survivors (0K)
 Metaspace       used 9781K, committed 9920K, reserved 1114112K
  class space    used 919K, committed 1024K, reserved 1048576K

Heap Regions: E=young(eden), S=young(survivor), O=old, HS=humongous(starts), HC=humongous(continues), CS=collection set, F=free, OA=open archive, CA=closed archive, TAMS=top-at-mark-start (previous, next)
|   0|0x0000000702a00000, 0x0000000702a00000, 0x0000000702c00000|  0%| F|  |TAMS 0x0000000702a00000, 0x0000000702a00000| Untracked 
|   1|0x0000000702c00000, 0x0000000702c00000, 0x0000000702e00000|  0%| F|  |TAMS 0x0000000702c00000, 0x0000000702c00000| Untracked 
|   2|0x0000000702e00000, 0x0000000702e00000, 0x0000000703000000|  0%| F|  |TAMS 0x0000000702e00000, 0x0000000702e00000| Untracked 
|   3|0x0000000703000000, 0x0000000703000000, 0x0000000703200000|  0%| F|  |TAMS 0x0000000703000000, 0x0000000703000000| Untracked 
|   4|0x0000000703200000, 0x0000000703200000, 0x0000000703400000|  0%| F|  |TAMS 0x0000000703200000, 0x0000000703200000| Untracked 
|   5|0x0000000703400000, 0x0000000703400000, 0x0000000703600000|  0%| F|  |TAMS 0x0000000703400000, 0x0000000703400000| Untracked 
|   6|0x0000000703600000, 0x0000000703600000, 0x0000000703800000|  0%| F|  |TAMS 0x0000000703600000, 0x0000000703600000| Untracked 
|   7|0x0000000703800000, 0x0000000703800000, 0x0000000703a00000|  0%| F|  |TAMS 0x0000000703800000, 0x0000000703800000| Untracked 
|   8|0x0000000703a00000, 0x0000000703a00000, 0x0000000703c00000|  0%| F|  |TAMS 0x0000000703a00000, 0x0000000703a00000| Untracked 
|   9|0x0000000703c00000, 0x0000000703c00000, 0x0000000703e00000|  0%| F|  |TAMS 0x0000000703c00000, 0x0000000703c00000| Untracked 
|  10|0x0000000703e00000, 0x0000000703e00000, 0x0000000704000000|  0%| F|  |TAMS 0x0000000703e00000, 0x0000000703e00000| Untracked 
|  11|0x0000000704000000, 0x0000000704000000, 0x0000000704200000|  0%| F|  |TAMS 0x0000000704000000, 0x0000000704000000| Untracked 
|  12|0x0000000704200000, 0x0000000704200000, 0x0000000704400000|  0%| F|  |TAMS 0x0000000704200000, 0x0000000704200000| Untracked 
|  13|0x0000000704400000, 0x0000000704400000, 0x0000000704600000|  0%| F|  |TAMS 0x0000000704400000, 0x0000000704400000| Untracked 
|  14|0x0000000704600000, 0x0000000704600000, 0x0000000704800000|  0%| F|  |TAMS 0x0000000704600000, 0x0000000704600000| Untracked 
|  15|0x0000000704800000, 0x0000000704800000, 0x0000000704a00000|  0%| F|  |TAMS 0x0000000704800000, 0x0000000704800000| Untracked 
|  16|0x0000000704a00000, 0x0000000704a00000, 0x0000000704c00000|  0%| F|  |TAMS 0x0000000704a00000, 0x0000000704a00000| Untracked 
|  17|0x0000000704c00000, 0x0000000704c00000, 0x0000000704e00000|  0%| F|  |TAMS 0x0000000704c00000, 0x0000000704c00000| Untracked 
|  18|0x0000000704e00000, 0x0000000704e00000, 0x0000000705000000|  0%| F|  |TAMS 0x0000000704e00000, 0x0000000704e00000| Untracked 
|  19|0x0000000705000000, 0x0000000705000000, 0x0000000705200000|  0%| F|  |TAMS 0x0000000705000000, 0x0000000705000000| Untracked 
|  20|0x0000000705200000, 0x0000000705200000, 0x0000000705400000|  0%| F|  |TAMS 0x0000000705200000, 0x0000000705200000| Untracked 
|  21|0x0000000705400000, 0x0000000705400000, 0x0000000705600000|  0%| F|  |TAMS 0x0000000705400000, 0x0000000705400000| Untracked 
|  22|0x0000000705600000, 0x0000000705600000, 0x0000000705800000|  0%| F|  |TAMS 0x0000000705600000, 0x0000000705600000| Untracked 
|  23|0x0000000705800000, 0x0000000705800000, 0x0000000705a00000|  0%| F|  |TAMS 0x0000000705800000, 0x0000000705800000| Untracked 
|  24|0x0000000705a00000, 0x0000000705a00000, 0x0000000705c00000|  0%| F|  |TAMS 0x0000000705a00000, 0x0000000705a00000| Untracked 
|  25|0x0000000705c00000, 0x0000000705c00000, 0x0000000705e00000|  0%| F|  |TAMS 0x0000000705c00000, 0x0000000705c00000| Untracked 
|  26|0x0000000705e00000, 0x0000000705e00000, 0x0000000706000000|  0%| F|  |TAMS 0x0000000705e00000, 0x0000000705e00000| Untracked 
|  27|0x0000000706000000, 0x0000000706000000, 0x0000000706200000|  0%| F|  |TAMS 0x0000000706000000, 0x0000000706000000| Untracked 
|  28|0x0000000706200000, 0x0000000706200000, 0x0000000706400000|  0%| F|  |TAMS 0x0000000706200000, 0x0000000706200000| Untracked 
|  29|0x0000000706400000, 0x0000000706400000, 0x0000000706600000|  0%| F|  |TAMS 0x0000000706400000, 0x0000000706400000| Untracked 
|  30|0x0000000706600000, 0x0000000706600000, 0x0000000706800000|  0%| F|  |TAMS 0x0000000706600000, 0x0000000706600000| Untracked 
|  31|0x0000000706800000, 0x0000000706800000, 0x0000000706a00000|  0%| F|  |TAMS 0x0000000706800000, 0x0000000706800000| Untracked 
|  32|0x0000000706a00000, 0x0000000706a00000, 0x0000000706c00000|  0%| F|  |TAMS 0x0000000706a00000, 0x0000000706a00000| Untracked 
|  33|0x0000000706c00000, 0x0000000706c00000, 0x0000000706e00000|  0%| F|  |TAMS 0x0000000706c00000, 0x0000000706c00000| Untracked 
|  34|0x0000000706e00000, 0x0000000706e00000, 0x0000000707000000|  0%| F|  |TAMS 0x0000000706e00000, 0x0000000706e00000| Untracked 
|  35|0x0000000707000000, 0x0000000707000000, 0x0000000707200000|  0%| F|  |TAMS 0x0000000707000000, 0x0000000707000000| Untracked 
|  36|0x0000000707200000, 0x0000000707200000, 0x0000000707400000|  0%| F|  |TAMS 0x0000000707200000, 0x0000000707200000| Untracked 
|  37|0x0000000707400000, 0x0000000707400000, 0x0000000707600000|  0%| F|  |TAMS 0x0000000707400000, 0x0000000707400000| Untracked 
|  38|0x0000000707600000, 0x0000000707600000, 0x0000000707800000|  0%| F|  |TAMS 0x0000000707600000, 0x0000000707600000| Untracked 
|  39|0x0000000707800000, 0x0000000707800000, 0x0000000707a00000|  0%| F|  |TAMS 0x0000000707800000, 0x0000000707800000| Untracked 
|  40|0x0000000707a00000, 0x0000000707a00000, 0x0000000707c00000|  0%| F|  |TAMS 0x0000000707a00000, 0x0000000707a00000| Untracked 
|  41|0x0000000707c00000, 0x0000000707c00000, 0x0000000707e00000|  0%| F|  |TAMS 0x0000000707c00000, 0x0000000707c00000| Untracked 
|  42|0x0000000707e00000, 0x0000000707e00000, 0x0000000708000000|  0%| F|  |TAMS 0x0000000707e00000, 0x0000000707e00000| Untracked 
|  43|0x0000000708000000, 0x0000000708000000, 0x0000000708200000|  0%| F|  |TAMS 0x0000000708000000, 0x0000000708000000| Untracked 
|  44|0x0000000708200000, 0x0000000708200000, 0x0000000708400000|  0%| F|  |TAMS 0x0000000708200000, 0x0000000708200000| Untracked 
|  45|0x0000000708400000, 0x0000000708400000, 0x0000000708600000|  0%| F|  |TAMS 0x0000000708400000, 0x0000000708400000| Untracked 
|  46|0x0000000708600000, 0x0000000708600000, 0x0000000708800000|  0%| F|  |TAMS 0x0000000708600000, 0x0000000708600000| Untracked 
|  47|0x0000000708800000, 0x0000000708800000, 0x0000000708a00000|  0%| F|  |TAMS 0x0000000708800000, 0x0000000708800000| Untracked 
|  48|0x0000000708a00000, 0x0000000708a00000, 0x0000000708c00000|  0%| F|  |TAMS 0x0000000708a00000, 0x0000000708a00000| Untracked 
|  49|0x0000000708c00000, 0x0000000708c00000, 0x0000000708e00000|  0%| F|  |TAMS 0x0000000708c00000, 0x0000000708c00000| Untracked 
|  50|0x0000000708e00000, 0x0000000708e00000, 0x0000000709000000|  0%| F|  |TAMS 0x0000000708e00000, 0x0000000708e00000| Untracked 
|  51|0x0000000709000000, 0x0000000709000000, 0x0000000709200000|  0%| F|  |TAMS 0x0000000709000000, 0x0000000709000000| Untracked 
|  52|0x0000000709200000, 0x0000000709200000, 0x0000000709400000|  0%| F|  |TAMS 0x0000000709200000, 0x0000000709200000| Untracked 
|  53|0x0000000709400000, 0x0000000709400000, 0x0000000709600000|  0%| F|  |TAMS 0x0000000709400000, 0x0000000709400000| Untracked 
|  54|0x0000000709600000, 0x0000000709600000, 0x0000000709800000|  0%| F|  |TAMS 0x0000000709600000, 0x0000000709600000| Untracked 
|  55|0x0000000709800000, 0x0000000709800000, 0x0000000709a00000|  0%| F|  |TAMS 0x0000000709800000, 0x0000000709800000| Untracked 
|  56|0x0000000709a00000, 0x0000000709a00000, 0x0000000709c00000|  0%| F|  |TAMS 0x0000000709a00000, 0x0000000709a00000| Untracked 
|  57|0x0000000709c00000, 0x0000000709c00000, 0x0000000709e00000|  0%| F|  |TAMS 0x0000000709c00000, 0x0000000709c00000| Untracked 
|  58|0x0000000709e00000, 0x0000000709e00000, 0x000000070a000000|  0%| F|  |TAMS 0x0000000709e00000, 0x0000000709e00000| Untracked 
|  59|0x000000070a000000, 0x000000070a000000, 0x000000070a200000|  0%| F|  |TAMS 0x000000070a000000, 0x000000070a000000| Untracked 
|  60|0x000000070a200000, 0x000000070a200000, 0x000000070a400000|  0%| F|  |TAMS 0x000000070a200000, 0x000000070a200000| Untracked 
|  61|0x000000070a400000, 0x000000070a400000, 0x000000070a600000|  0%| F|  |TAMS 0x000000070a400000, 0x000000070a400000| Untracked 
|  62|0x000000070a600000, 0x000000070a600000, 0x000000070a800000|  0%| F|  |TAMS 0x000000070a600000, 0x000000070a600000| Untracked 
|  63|0x000000070a800000, 0x000000070a800000, 0x000000070aa00000|  0%| F|  |TAMS 0x000000070a800000, 0x000000070a800000| Untracked 
|  64|0x000000070aa00000, 0x000000070aa00000, 0x000000070ac00000|  0%| F|  |TAMS 0x000000070aa00000, 0x000000070aa00000| Untracked 
|  65|0x000000070ac00000, 0x000000070ac00000, 0x000000070ae00000|  0%| F|  |TAMS 0x000000070ac00000, 0x000000070ac00000| Untracked 
|  66|0x000000070ae00000, 0x000000070ae00000, 0x000000070b000000|  0%| F|  |TAMS 0x000000070ae00000, 0x000000070ae00000| Untracked 
|  67|0x000000070b000000, 0x000000070b000000, 0x000000070b200000|  0%| F|  |TAMS 0x000000070b000000, 0x000000070b000000| Untracked 
|  68|0x000000070b200000, 0x000000070b200000, 0x000000070b400000|  0%| F|  |TAMS 0x000000070b200000, 0x000000070b200000| Untracked 
|  69|0x000000070b400000, 0x000000070b400000, 0x000000070b600000|  0%| F|  |TAMS 0x000000070b400000, 0x000000070b400000| Untracked 
|  70|0x000000070b600000, 0x000000070b600000, 0x000000070b800000|  0%| F|  |TAMS 0x000000070b600000, 0x000000070b600000| Untracked 
|  71|0x000000070b800000, 0x000000070b800000, 0x000000070ba00000|  0%| F|  |TAMS 0x000000070b800000, 0x000000070b800000| Untracked 
|  72|0x000000070ba00000, 0x000000070ba00000, 0x000000070bc00000|  0%| F|  |TAMS 0x000000070ba00000, 0x000000070ba00000| Untracked 
|  73|0x000000070bc00000, 0x000000070bc00000, 0x000000070be00000|  0%| F|  |TAMS 0x000000070bc00000, 0x000000070bc00000| Untracked 
|  74|0x000000070be00000, 0x000000070be00000, 0x000000070c000000|  0%| F|  |TAMS 0x000000070be00000, 0x000000070be00000| Untracked 
|  75|0x000000070c000000, 0x000000070c000000, 0x000000070c200000|  0%| F|  |TAMS 0x000000070c000000, 0x000000070c000000| Untracked 
|  76|0x000000070c200000, 0x000000070c200000, 0x000000070c400000|  0%| F|  |TAMS 0x000000070c200000, 0x000000070c200000| Untracked 
|  77|0x000000070c400000, 0x000000070c400000, 0x000000070c600000|  0%| F|  |TAMS 0x000000070c400000, 0x000000070c400000| Untracked 
|  78|0x000000070c600000, 0x000000070c600000, 0x000000070c800000|  0%| F|  |TAMS 0x000000070c600000, 0x000000070c600000| Untracked 
|  79|0x000000070c800000, 0x000000070c800000, 0x000000070ca00000|  0%| F|  |TAMS 0x000000070c800000, 0x000000070c800000| Untracked 
|  80|0x000000070ca00000, 0x000000070ca00000, 0x000000070cc00000|  0%| F|  |TAMS 0x000000070ca00000, 0x000000070ca00000| Untracked 
|  81|0x000000070cc00000, 0x000000070cc00000, 0x000000070ce00000|  0%| F|  |TAMS 0x000000070cc00000, 0x000000070cc00000| Untracked 
|  82|0x000000070ce00000, 0x000000070ce00000, 0x000000070d000000|  0%| F|  |TAMS 0x000000070ce00000, 0x000000070ce00000| Untracked 
|  83|0x000000070d000000, 0x000000070d000000, 0x000000070d200000|  0%| F|  |TAMS 0x000000070d000000, 0x000000070d000000| Untracked 
|  84|0x000000070d200000, 0x000000070d200000, 0x000000070d400000|  0%| F|  |TAMS 0x000000070d200000, 0x000000070d200000| Untracked 
|  85|0x000000070d400000, 0x000000070d400000, 0x000000070d600000|  0%| F|  |TAMS 0x000000070d400000, 0x000000070d400000| Untracked 
|  86|0x000000070d600000, 0x000000070d600000, 0x000000070d800000|  0%| F|  |TAMS 0x000000070d600000, 0x000000070d600000| Untracked 
|  87|0x000000070d800000, 0x000000070d800000, 0x000000070da00000|  0%| F|  |TAMS 0x000000070d800000, 0x000000070d800000| Untracked 
|  88|0x000000070da00000, 0x000000070da00000, 0x000000070dc00000|  0%| F|  |TAMS 0x000000070da00000, 0x000000070da00000| Untracked 
|  89|0x000000070dc00000, 0x000000070dc00000, 0x000000070de00000|  0%| F|  |TAMS 0x000000070dc00000, 0x000000070dc00000| Untracked 
|  90|0x000000070de00000, 0x000000070de00000, 0x000000070e000000|  0%| F|  |TAMS 0x000000070de00000, 0x000000070de00000| Untracked 
|  91|0x000000070e000000, 0x000000070e000000, 0x000000070e200000|  0%| F|  |TAMS 0x000000070e000000, 0x000000070e000000| Untracked 
|  92|0x000000070e200000, 0x000000070e200000, 0x000000070e400000|  0%| F|  |TAMS 0x000000070e200000, 0x000000070e200000| Untracked 
|  93|0x000000070e400000, 0x000000070e400000, 0x000000070e600000|  0%| F|  |TAMS 0x000000070e400000, 0x000000070e400000| Untracked 
|  94|0x000000070e600000, 0x000000070e600000, 0x000000070e800000|  0%| F|  |TAMS 0x000000070e600000, 0x000000070e600000| Untracked 
|  95|0x000000070e800000, 0x000000070e800000, 0x000000070ea00000|  0%| F|  |TAMS 0x000000070e800000, 0x000000070e800000| Untracked 
|  96|0x000000070ea00000, 0x000000070ea00000, 0x000000070ec00000|  0%| F|  |TAMS 0x000000070ea00000, 0x000000070ea00000| Untracked 
|  97|0x000000070ec00000, 0x000000070ec00000, 0x000000070ee00000|  0%| F|  |TAMS 0x000000070ec00000, 0x000000070ec00000| Untracked 
|  98|0x000000070ee00000, 0x000000070ee00000, 0x000000070f000000|  0%| F|  |TAMS 0x000000070ee00000, 0x000000070ee00000| Untracked 
|  99|0x000000070f000000, 0x000000070f000000, 0x000000070f200000|  0%| F|  |TAMS 0x000000070f000000, 0x000000070f000000| Untracked 
| 100|0x000000070f200000, 0x000000070f200000, 0x000000070f400000|  0%| F|  |TAMS 0x000000070f200000, 0x000000070f200000| Untracked 
| 101|0x000000070f400000, 0x000000070f400000, 0x000000070f600000|  0%| F|  |TAMS 0x000000070f400000, 0x000000070f400000| Untracked 
| 102|0x000000070f600000, 0x000000070f600000, 0x000000070f800000|  0%| F|  |TAMS 0x000000070f600000, 0x000000070f600000| Untracked 
| 103|0x000000070f800000, 0x000000070f800000, 0x000000070fa00000|  0%| F|  |TAMS 0x000000070f800000, 0x000000070f800000| Untracked 
| 104|0x000000070fa00000, 0x000000070fa00000, 0x000000070fc00000|  0%| F|  |TAMS 0x000000070fa00000, 0x000000070fa00000| Untracked 
| 105|0x000000070fc00000, 0x000000070fc00000, 0x000000070fe00000|  0%| F|  |TAMS 0x000000070fc00000, 0x000000070fc00000| Untracked 
| 106|0x000000070fe00000, 0x000000070fe00000, 0x0000000710000000|  0%| F|  |TAMS 0x000000070fe00000, 0x000000070fe00000| Untracked 
| 107|0x0000000710000000, 0x0000000710000000, 0x0000000710200000|  0%| F|  |TAMS 0x0000000710000000, 0x0000000710000000| Untracked 
| 108|0x0000000710200000, 0x0000000710200000, 0x0000000710400000|  0%| F|  |TAMS 0x0000000710200000, 0x0000000710200000| Untracked 
| 109|0x0000000710400000, 0x0000000710400000, 0x0000000710600000|  0%| F|  |TAMS 0x0000000710400000, 0x0000000710400000| Untracked 
| 110|0x0000000710600000, 0x0000000710600000, 0x0000000710800000|  0%| F|  |TAMS 0x0000000710600000, 0x0000000710600000| Untracked 
| 111|0x0000000710800000, 0x0000000710800000, 0x0000000710a00000|  0%| F|  |TAMS 0x0000000710800000, 0x0000000710800000| Untracked 
| 112|0x0000000710a00000, 0x0000000710a00000, 0x0000000710c00000|  0%| F|  |TAMS 0x0000000710a00000, 0x0000000710a00000| Untracked 
| 113|0x0000000710c00000, 0x0000000710c00000, 0x0000000710e00000|  0%| F|  |TAMS 0x0000000710c00000, 0x0000000710c00000| Untracked 
| 114|0x0000000710e00000, 0x0000000710e00000, 0x0000000711000000|  0%| F|  |TAMS 0x0000000710e00000, 0x0000000710e00000| Untracked 
| 115|0x0000000711000000, 0x0000000711000000, 0x0000000711200000|  0%| F|  |TAMS 0x0000000711000000, 0x0000000711000000| Untracked 
| 116|0x0000000711200000, 0x0000000711200000, 0x0000000711400000|  0%| F|  |TAMS 0x0000000711200000, 0x0000000711200000| Untracked 
| 117|0x0000000711400000, 0x0000000711400000, 0x0000000711600000|  0%| F|  |TAMS 0x0000000711400000, 0x0000000711400000| Untracked 
| 118|0x0000000711600000, 0x0000000711600000, 0x0000000711800000|  0%| F|  |TAMS 0x0000000711600000, 0x0000000711600000| Untracked 
| 119|0x0000000711800000, 0x0000000711800000, 0x0000000711a00000|  0%| F|  |TAMS 0x0000000711800000, 0x0000000711800000| Untracked 
| 120|0x0000000711a00000, 0x0000000711a00000, 0x0000000711c00000|  0%| F|  |TAMS 0x0000000711a00000, 0x0000000711a00000| Untracked 
| 121|0x0000000711c00000, 0x0000000711c00000, 0x0000000711e00000|  0%| F|  |TAMS 0x0000000711c00000, 0x0000000711c00000| Untracked 
| 122|0x0000000711e00000, 0x0000000711e00000, 0x0000000712000000|  0%| F|  |TAMS 0x0000000711e00000, 0x0000000711e00000| Untracked 
| 123|0x0000000712000000, 0x0000000712000000, 0x0000000712200000|  0%| F|  |TAMS 0x0000000712000000, 0x0000000712000000| Untracked 
| 124|0x0000000712200000, 0x00000007122746b0, 0x0000000712400000| 22%| E|  |TAMS 0x0000000712200000, 0x0000000712200000| Complete 
| 125|0x0000000712400000, 0x0000000712600000, 0x0000000712600000|100%| E|CS|TAMS 0x0000000712400000, 0x0000000712400000| Complete 
| 126|0x0000000712600000, 0x0000000712800000, 0x0000000712800000|100%| E|CS|TAMS 0x0000000712600000, 0x0000000712600000| Complete 

Card table byte_map: [0x000001b925540000,0x000001b925d30000] _byte_map_base: 0x000001b921d2b000

Marking Bits (Prev, Next): (CMBitMap*) 0x000001b9123166d0, (CMBitMap*) 0x000001b912316710
 Prev Bits: [0x000001b926520000, 0x000001b92a478000)
 Next Bits: [0x000001b92a480000, 0x000001b92e3d8000)

Polling page: 0x000001b910280000

Metaspace:

Usage:
  Non-class:      8.65 MB used.
      Class:    919.38 KB used.
       Both:      9.55 MB used.

Virtual space:
  Non-class space:       64.00 MB reserved,       8.69 MB ( 14%) committed,  1 nodes.
      Class space:        1.00 GB reserved,       1.00 MB ( <1%) committed,  1 nodes.
             Both:        1.06 GB reserved,       9.69 MB ( <1%) committed. 

Chunk freelists:
   Non-Class:  6.95 MB
       Class:  15.03 MB
        Both:  21.98 MB

MaxMetaspaceSize: unlimited
CompressedClassSpaceSize: 1.00 GB
Initial GC threshold: 21.00 MB
Current GC threshold: 21.00 MB
CDS: off
MetaspaceReclaimPolicy: balanced
 - commit_granule_bytes: 65536.
 - commit_granule_words: 8192.
 - virtual_space_node_default_size: 8388608.
 - enlarge_chunks_in_place: 1.
 - new_chunks_are_fully_committed: 0.
 - uncommit_free_chunks: 1.
 - use_allocation_guard: 0.
 - handle_deallocations: 1.


Internal statistics:

num_allocs_failed_limit: 0.
num_arena_births: 24.
num_arena_deaths: 0.
num_vsnodes_births: 2.
num_vsnodes_deaths: 0.
num_space_committed: 155.
num_space_uncommitted: 0.
num_chunks_returned_to_freelist: 0.
num_chunks_taken_from_freelist: 58.
num_chunk_merges: 0.
num_chunk_splits: 30.
num_chunks_enlarged: 17.
num_inconsistent_stats: 0.

CodeHeap 'non-profiled nmethods': size=120000Kb used=112Kb max_used=112Kb free=119887Kb
 bounds [0x000001b91d4e0000, 0x000001b91d750000, 0x000001b924a10000]
CodeHeap 'profiled nmethods': size=120000Kb used=540Kb max_used=540Kb free=119460Kb
 bounds [0x000001b915a10000, 0x000001b915c80000, 0x000001b91cf40000]
CodeHeap 'non-nmethods': size=5760Kb used=1141Kb max_used=1161Kb free=4618Kb
 bounds [0x000001b91cf40000, 0x000001b91d1b0000, 0x000001b91d4e0000]
 total_blobs=819 nmethods=390 adapters=342
 compilation: enabled
              stopped_count=0, restarted_count=0
 full_count=0

Compilation events (20 events):
Event: 0.206 Thread 0x000001b9350b6bb0 nmethod 380 0x000001b915a8f790 code [0x000001b915a8f940, 0x000001b915a8fae8]
Event: 0.206 Thread 0x000001b9350b6bb0  381       3       jdk.internal.misc.Unsafe::getIntUnaligned (12 bytes)
Event: 0.206 Thread 0x000001b9350b6bb0 nmethod 381 0x000001b915a8fb90 code [0x000001b915a8fd40, 0x000001b915a8ff98]
Event: 0.206 Thread 0x000001b9350b6bb0  382       3       jdk.internal.misc.Unsafe::getIntUnaligned (83 bytes)
Event: 0.207 Thread 0x000001b9350b6bb0 nmethod 382 0x000001b915a90090 code [0x000001b915a90260, 0x000001b915a90728]
Event: 0.207 Thread 0x000001b9350b6bb0  383       3       java.lang.invoke.VarHandleGuards::guard_LI_I (78 bytes)
Event: 0.207 Thread 0x000001b9350b6bb0 nmethod 383 0x000001b915a90890 code [0x000001b915a90be0, 0x000001b915a92a28]
Event: 0.207 Thread 0x000001b9350b6bb0  384       3       java.lang.invoke.VarHandle::checkExactAccessMode (28 bytes)
Event: 0.208 Thread 0x000001b9350b6bb0 nmethod 384 0x000001b915a93290 code [0x000001b915a934c0, 0x000001b915a940e8]
Event: 0.208 Thread 0x000001b9350b6bb0  385       3       java.lang.invoke.VarHandle::accessModeType (31 bytes)
Event: 0.208 Thread 0x000001b9350b6bb0 nmethod 385 0x000001b915a94490 code [0x000001b915a946a0, 0x000001b915a95178]
Event: 0.208 Thread 0x000001b9350b6bb0  386       3       java.lang.invoke.VarHandle::getTypesAndInvokers (24 bytes)
Event: 0.208 Thread 0x000001b9350b6bb0 nmethod 386 0x000001b915a95490 code [0x000001b915a95640, 0x000001b915a95b18]
Event: 0.208 Thread 0x000001b9350b6bb0  387       3       java.lang.invoke.VarForm::getMemberName (31 bytes)
Event: 0.208 Thread 0x000001b9350b6bb0 nmethod 387 0x000001b915a95c90 code [0x000001b915a95e40, 0x000001b915a960f8]
Event: 0.208 Thread 0x000001b9350b6bb0  388       3       java.lang.invoke.VarHandleByteArrayAsInts$ArrayHandle::get (36 bytes)
Event: 0.208 Thread 0x000001b9350b6bb0 nmethod 388 0x000001b915a96210 code [0x000001b915a96400, 0x000001b915a96938]
Event: 0.208 Thread 0x000001b9350b6bb0  389       3       java.lang.invoke.VarHandleByteArrayAsInts$ArrayHandle::index (12 bytes)
Event: 0.208 Thread 0x000001b9350b6bb0 nmethod 389 0x000001b915a96b10 code [0x000001b915a96cc0, 0x000001b915a96ec8]
Event: 0.209 Thread 0x000001b9350ad530 nmethod 376 0x000001b91d4fb690 code [0x000001b91d4fb820, 0x000001b91d4fbef8]

GC Heap History (0 events):
No events

Dll operation events (1 events):
Event: 0.004 Loaded shared library D:\Code\JetBrains Rider 2022.2.4\jbr\bin\java.dll

Deoptimization events (0 events):
No events

Classes unloaded (0 events):
No events

Classes redefined (0 events):
No events

Internal exceptions (8 events):
Event: 0.161 Thread 0x000001b9122a96e0 Exception <a 'sun/nio/fs/WindowsException'{0x000000071252fee0}> (0x000000071252fee0) 
thrown [s\src\hotspot\share\prims\jni.cpp, line 517]
Event: 0.172 Thread 0x000001b9122a96e0 Exception <a 'java/lang/NoSuchMethodError'{0x000000071255b3b0}: 'int java.lang.invoke.DirectMethodHandle$Holder.invokeStaticInit(java.lang.Object, java.lang.Object, java.lang.Object, java.lang.Object)'> (0x000000071255b3b0) 
thrown [s\src\hotspot\share\interpreter\linkResolver.cpp, line 771]
Event: 0.173 Thread 0x000001b9122a96e0 Exception <a 'java/lang/NoSuchMethodError'{0x0000000712566010}: 'java.lang.Object java.lang.invoke.DirectMethodHandle$Holder.invokeInterface(java.lang.Object, java.lang.Object)'> (0x0000000712566010) 
thrown [s\src\hotspot\share\interpreter\linkResolver.cpp, line 771]
Event: 0.173 Thread 0x000001b9122a96e0 Exception <a 'java/lang/IncompatibleClassChangeError'{0x0000000712569930}: Found class java.lang.Object, but interface was expected> (0x0000000712569930) 
thrown [s\src\hotspot\share\interpreter\linkResolver.cpp, line 838]
Event: 0.173 Thread 0x000001b9122a96e0 Exception <a 'java/lang/NoSuchMethodError'{0x000000071256cce0}: 'void java.lang.invoke.DirectMethodHandle$Holder.invokeStatic(java.lang.Object, java.lang.Object)'> (0x000000071256cce0) 
thrown [s\src\hotspot\share\interpreter\linkResolver.cpp, line 771]
Event: 0.174 Thread 0x000001b9122a96e0 Exception <a 'java/lang/NoSuchMethodError'{0x00000007125705f8}: 'void java.lang.invoke.DirectMethodHandle$Holder.invokeStaticInit(java.lang.Object, java.lang.Object)'> (0x00000007125705f8) 
thrown [s\src\hotspot\share\interpreter\linkResolver.cpp, line 771]
Event: 0.175 Thread 0x000001b9122a96e0 Exception <a 'java/lang/NoSuchMethodError'{0x0000000712576f50}: 'int java.lang.invoke.DirectMethodHandle$Holder.invokeStaticInit(java.lang.Object, java.lang.Object)'> (0x0000000712576f50) 
thrown [s\src\hotspot\share\interpreter\linkResolver.cpp, line 771]
Event: 0.201 Thread 0x000001b9122a96e0 Exception <a 'java/lang/NoSuchMethodError'{0x000000071225d658}: 'java.lang.Object java.lang.invoke.DirectMethodHandle$Holder.invokeStaticInit(java.lang.Object, int, int, int, int)'> (0x000000071225d658) 
thrown [s\src\hotspot\share\interpreter\linkResolver.cpp, line 771]

VM Operations (6 events):
Event: 0.087 Executing VM operation: HandshakeAllThreads
Event: 0.087 Executing VM operation: HandshakeAllThreads done
Event: 0.097 Executing VM operation: HandshakeAllThreads
Event: 0.097 Executing VM operation: HandshakeAllThreads done
Event: 0.208 Executing VM operation: HandshakeAllThreads
Event: 0.208 Executing VM operation: HandshakeAllThreads done

Events (20 events):
Event: 0.207 loading class java/net/NetworkInterface done
Event: 0.207 loading class java/net/InterfaceAddress
Event: 0.207 loading class java/net/InterfaceAddress done
Event: 0.207 loading class java/net/InetAddress
Event: 0.207 loading class java/net/InetAddress done
Event: 0.208 loading class java/net/InetAddress$1
Event: 0.208 loading class jdk/internal/access/JavaNetInetAddressAccess
Event: 0.208 loading class jdk/internal/access/JavaNetInetAddressAccess done
Event: 0.208 loading class java/net/InetAddress$1 done
Event: 0.208 loading class java/net/InetAddress$InetAddressHolder
Event: 0.208 loading class java/net/InetAddress$InetAddressHolder done
Event: 0.208 loading class java/util/concurrent/ConcurrentSkipListSet
Event: 0.208 loading class java/util/concurrent/ConcurrentSkipListSet done
Event: 0.208 loading class java/util/concurrent/ConcurrentSkipListMap
Event: 0.208 loading class java/util/concurrent/ConcurrentNavigableMap
Event: 0.208 loading class java/util/concurrent/ConcurrentNavigableMap done
Event: 0.208 loading class java/util/concurrent/ConcurrentSkipListMap done
Event: 0.209 loading class java/util/concurrent/ConcurrentSkipListMap$Index
Event: 0.209 loading class java/util/concurrent/ConcurrentSkipListMap$Index done
Event: 0.209 loading class java/lang/invoke/VarHandleReferences$FieldInstanceReadWrite


Dynamic libraries:
0x00007ff75e650000 - 0x00007ff75e65a000 	D:\Code\JetBrains Rider 2022.2.4\jbr\bin\java.exe
0x00007ff9117b0000 - 0x00007ff9119c4000 	C:\WINDOWS\SYSTEM32\ntdll.dll
0x00007ff9106f0000 - 0x00007ff9107b4000 	C:\WINDOWS\System32\KERNEL32.DLL
0x00007ff90eb60000 - 0x00007ff90ef04000 	C:\WINDOWS\System32\KERNELBASE.dll
0x00007ff90ef40000 - 0x00007ff90f051000 	C:\WINDOWS\System32\ucrtbase.dll
0x00007ff8dd8f0000 - 0x00007ff8dd907000 	D:\Code\JetBrains Rider 2022.2.4\jbr\bin\jli.dll
0x00007ff8e6d10000 - 0x00007ff8e6d2b000 	D:\Code\JetBrains Rider 2022.2.4\jbr\bin\VCRUNTIME140.dll
0x00007ff90fa50000 - 0x00007ff90fbfe000 	C:\WINDOWS\System32\USER32.dll
0x00007ff8f7940000 - 0x00007ff8f7bd3000 	C:\WINDOWS\WinSxS\amd64_microsoft.windows.common-controls_6595b64144ccf1df_6.0.22621.2215_none_270d72677387dfc3\COMCTL32.dll
0x00007ff90ef10000 - 0x00007ff90ef36000 	C:\WINDOWS\System32\win32u.dll
0x00007ff910640000 - 0x00007ff9106e7000 	C:\WINDOWS\System32\msvcrt.dll
0x00007ff90fc00000 - 0x00007ff90fc29000 	C:\WINDOWS\System32\GDI32.dll
0x00007ff90f180000 - 0x00007ff90f298000 	C:\WINDOWS\System32\gdi32full.dll
0x00007ff90f060000 - 0x00007ff90f0fa000 	C:\WINDOWS\System32\msvcp_win.dll
0x00007ff9109e0000 - 0x00007ff910a11000 	C:\WINDOWS\System32\IMM32.DLL
0x00007ff8e6670000 - 0x00007ff8e667c000 	D:\Code\JetBrains Rider 2022.2.4\jbr\bin\vcruntime140_1.dll
0x00007ff8c8060000 - 0x00007ff8c80ed000 	D:\Code\JetBrains Rider 2022.2.4\jbr\bin\msvcp140.dll
0x00007ff850b50000 - 0x00007ff8517d3000 	D:\Code\JetBrains Rider 2022.2.4\jbr\bin\server\jvm.dll
0x00007ff90fc40000 - 0x00007ff90fcf0000 	C:\WINDOWS\System32\ADVAPI32.dll
0x00007ff90f870000 - 0x00007ff90f916000 	C:\WINDOWS\System32\sechost.dll
0x00007ff90f6a0000 - 0x00007ff90f7b7000 	C:\WINDOWS\System32\RPCRT4.dll
0x00007ff8f2fe0000 - 0x00007ff8f2fe9000 	C:\WINDOWS\SYSTEM32\WSOCK32.dll
0x00007ff90da10000 - 0x00007ff90da5d000 	C:\WINDOWS\SYSTEM32\POWRPROF.dll
0x00007ff90f540000 - 0x00007ff90f5b1000 	C:\WINDOWS\System32\WS2_32.dll
0x00007ff907180000 - 0x00007ff9071b4000 	C:\WINDOWS\SYSTEM32\WINMM.dll
0x00007ff907630000 - 0x00007ff90763a000 	C:\WINDOWS\SYSTEM32\VERSION.dll
0x00007ff90d9f0000 - 0x00007ff90da03000 	C:\WINDOWS\SYSTEM32\UMPDC.dll
0x00007ff90dc50000 - 0x00007ff90dc68000 	C:\WINDOWS\SYSTEM32\kernel.appcore.dll
0x00007ff8f19f0000 - 0x00007ff8f19fa000 	D:\Code\JetBrains Rider 2022.2.4\jbr\bin\jimage.dll
0x00007ff90c690000 - 0x00007ff90c8be000 	C:\WINDOWS\SYSTEM32\DBGHELP.DLL
0x00007ff90fdd0000 - 0x00007ff91015a000 	C:\WINDOWS\System32\combase.dll
0x00007ff90fcf0000 - 0x00007ff90fdc7000 	C:\WINDOWS\System32\OLEAUT32.dll
0x00007ff8f89d0000 - 0x00007ff8f8a02000 	C:\WINDOWS\SYSTEM32\dbgcore.DLL
0x00007ff90f100000 - 0x00007ff90f17a000 	C:\WINDOWS\System32\bcryptPrimitives.dll
0x00007ff8e9a80000 - 0x00007ff8e9aa5000 	D:\Code\JetBrains Rider 2022.2.4\jbr\bin\java.dll
0x00007ff8e9a60000 - 0x00007ff8e9a78000 	D:\Code\JetBrains Rider 2022.2.4\jbr\bin\zip.dll
0x00007ff910f40000 - 0x00007ff911763000 	C:\WINDOWS\System32\SHELL32.dll
0x00007ff90caf0000 - 0x00007ff90d3da000 	C:\WINDOWS\SYSTEM32\windows.storage.dll
0x00007ff90c9b0000 - 0x00007ff90caee000 	C:\WINDOWS\SYSTEM32\wintypes.dll
0x00007ff90f950000 - 0x00007ff90fa43000 	C:\WINDOWS\System32\SHCORE.dll
0x00007ff910bb0000 - 0x00007ff910c0e000 	C:\WINDOWS\System32\shlwapi.dll
0x00007ff90ea90000 - 0x00007ff90eab6000 	C:\WINDOWS\SYSTEM32\profapi.dll
0x00007ff8e8bf0000 - 0x00007ff8e8c09000 	D:\Code\JetBrains Rider 2022.2.4\jbr\bin\net.dll
0x00007ff9066b0000 - 0x00007ff9067e7000 	C:\WINDOWS\SYSTEM32\WINHTTP.dll
0x00007ff90e120000 - 0x00007ff90e189000 	C:\WINDOWS\system32\mswsock.dll
0x00007ff8e7890000 - 0x00007ff8e78a6000 	D:\Code\JetBrains Rider 2022.2.4\jbr\bin\nio.dll
0x00007ff90e370000 - 0x00007ff90e38b000 	C:\WINDOWS\SYSTEM32\CRYPTSP.dll
0x00007ff90dc10000 - 0x00007ff90dc45000 	C:\WINDOWS\system32\rsaenh.dll
0x00007ff90e210000 - 0x00007ff90e23c000 	C:\WINDOWS\SYSTEM32\USERENV.dll
0x00007ff90e510000 - 0x00007ff90e538000 	C:\WINDOWS\SYSTEM32\bcrypt.dll
0x00007ff90e390000 - 0x00007ff90e39c000 	C:\WINDOWS\SYSTEM32\CRYPTBASE.dll

dbghelp: loaded successfully - version: 4.0.5 - missing functions: none
symbol engine: initialized successfully - sym options: 0x614 - pdb path: .;D:\Code\JetBrains Rider 2022.2.4\jbr\bin;C:\WINDOWS\SYSTEM32;C:\WINDOWS\WinSxS\amd64_microsoft.windows.common-controls_6595b64144ccf1df_6.0.22621.2215_none_270d72677387dfc3;D:\Code\JetBrains Rider 2022.2.4\jbr\bin\server

VM Arguments:
java_command: git4idea.http.GitAskPassApp Username for 'https://github.com': 
java_class_path (initial): D:/Code/JetBrains Rider 2022.2.4/plugins/vcs-git/lib/git4idea-rt.jar;D:/Code/JetBrains Rider 2022.2.4/lib/externalProcess-rt.jar
Launcher Type: SUN_STANDARD

[Global flags]
     intx CICompilerCount                          = 4                                         {product} {ergonomic}
     uint ConcGCThreads                            = 2                                         {product} {ergonomic}
     uint G1ConcRefinementThreads                  = 8                                         {product} {ergonomic}
   size_t G1HeapRegionSize                         = 2097152                                   {product} {ergonomic}
    uintx GCDrainStackTargetSize                   = 64                                        {product} {ergonomic}
   size_t InitialHeapSize                          = 266338304                                 {product} {ergonomic}
   size_t MarkStackSize                            = 4194304                                   {product} {ergonomic}
   size_t MaxHeapSize                              = 4250927104                                {product} {ergonomic}
   size_t MaxNewSize                               = 2550136832                                {product} {ergonomic}
   size_t MinHeapDeltaBytes                        = 2097152                                   {product} {ergonomic}
   size_t MinHeapSize                              = 8388608                                   {product} {ergonomic}
    uintx NonNMethodCodeHeapSize                   = 5839372                                {pd product} {ergonomic}
    uintx NonProfiledCodeHeapSize                  = 122909434                              {pd product} {ergonomic}
    uintx ProfiledCodeHeapSize                     = 122909434                              {pd product} {ergonomic}
    uintx ReservedCodeCacheSize                    = 251658240                              {pd product} {ergonomic}
     bool SegmentedCodeCache                       = true                                      {product} {ergonomic}
   size_t SoftMaxHeapSize                          = 4250927104                             {manageable} {ergonomic}
     bool UseCompressedClassPointers               = true                           {product lp64_product} {ergonomic}
     bool UseCompressedOops                        = true                           {product lp64_product} {ergonomic}
     bool UseG1GC                                  = true                                      {product} {ergonomic}
     bool UseLargePagesIndividualAllocation        = false                                  {pd product} {ergonomic}

Logging:
Log output configuration:
 #0: stdout all=warning uptime,level,tags
 #1: stderr all=off uptime,level,tags

Environment Variables:
PATH=C:\Program Files\Git\mingw64\libexec\git-core;C:\Program Files\Git\mingw64\libexec\git-core;C:\Program Files\Git\mingw64\bin;C:\Program Files\Git\usr\bin;C:\Users\hhhtn\bin;C:\ProgramData\Oracle\Java\javapath;C:\Program Files\Common Files\Oracle\Java\javapath;C:\Program Files (x86)\Common Files\Oracle\Java\javapath;C:\WINDOWS\system32;C:\WINDOWS;C:\WINDOWS\System32\Wbem;C:\WINDOWS\System32\WindowsPowerShell\v1.0;C:\WINDOWS\System32\OpenSSH;C:\Program Files (x86)\NVIDIA Corporation\PhysX\Common;C:\Program Files\NVIDIA Corporation\NVIDIA NvDLISR;C:\Program Files\Cloudflare\Cloudflare WARP;C:\Program Files\Git\cmd;C:\Program Files\Java\jdk-17.0.2\bin;C:\Program Files\dotnet;C:\opt\apache-maven-3.8.6\bin;D:\Code\Path\spring-2.3.9.RELEASE\bin;C:\Program Files\MySQL\MySQL Server 5.7\bin;D:\Code\Path\cmake-3.24.2-windows-x86_64\bin;C:\WINDOWS\system32;C:\WINDOWS;C:\WINDOWS\System32\Wbem;C:\WINDOWS\System32\WindowsPowerShell\v1.0;C:\WINDOWS\System32\OpenSSH;D:\Code\Path\mingw64\bin;C:\Program Files\nodejs;C:\PHP;C:\Program Files\PostgreSQL\15\bin;C:\Program Files\PostgreSQL\15\lib;D:\Code\Python\Scripts;D:\Code\Python;C:\Users\hhhtn\AppData\Local\Programs\Python\Python39\Scripts;C:\Users\hhhtn\AppData\Local\Programs\Python\Python39;C:\Users\hhhtn\AppData\Local\activestate\cache\bin;C:\Users\hhhtn\AppData\Local\ActiveState\StateTool\release\bin;C:\Program Files\MySQL\MySQL Shell 8.0\bin;C:\Users\hhhtn\AppData\Local\Microsoft\WindowsApps;D:\Code\CLion 2023.1.3\bin;C:\Users\hhhtn\AppData\Local\GitHubDesktop\bin;D:\Code\JetBrains Rider 2022.2.4\bin;C:\Users\hhhtn\AppData\Local\Programs\MiKTeX\miktex\bin\x64;D:\Code\PyCharm 2023.2.1\bin;D:\Code\PhpStorm 2022.3.3\bin;C:\Users\hhhtn\AppData\Roaming\npm;D:\Code\WebStorm 2023.1\bin;C:\Users\hhhtn\AppData\Local\ComposerSetup\bin;C:\Users\hhhtn\AppData\Roaming\Composer\vendor\bin;C:\Program Files\SDCC\bin;C:\Program Files\heroku\bin
USERNAME=Jalter
DISPLAY=:0.0
LC_ALL=en_US.UTF-8
TERM=cygwin
TMPDIR=C:\Users\hhhtn\AppData\Local\Temp
OS=Windows_NT
PROCESSOR_IDENTIFIER=Intel64 Family 6 Model 165 Stepping 2, GenuineIntel
TMP=C:\Users\hhhtn\AppData\Local\Temp
TEMP=C:\Users\hhhtn\AppData\Local\Temp


JNI global refs:
JNI global refs: 12, weak refs: 0

JNI global refs memory usage: 843, weak refs: 209

OOME stack traces (most recent first):
Classloader memory used:
Loader bootstrap                                                                       : 1204K
Loader jdk.internal.loader.ClassLoaders$PlatformClassLoader                            : 17300B
Loader jdk.internal.loader.ClassLoaders$AppClassLoader                                 : 1758B


---------------  S Y S T E M  ---------------

OS:
 Windows 11 , 64 bit Build 22621 (10.0.22621.2215)
OS uptime: 0 days 4:31 hours

CPU: total 8 (initial active 8) (4 cores per cpu, 2 threads per core) family 6 model 165 stepping 2 microcode 0xe0, cx8, cmov, fxsr, ht, mmx, 3dnowpref, sse, sse2, sse3, ssse3, sse4.1, sse4.2, popcnt, lzcnt, tsc, tscinvbit, avx, avx2, aes, erms, clmul, bmi1, bmi2, adx, fma, vzeroupper, clflush, clflushopt
Processor Information for all 8 processors :
  Max Mhz: 2496, Current Mhz: 2496, Mhz Limit: 2496

Memory: 4k page, system-wide physical 16215M (1334M free)
TotalPageFile size 23383M (AvailPageFile size 3M)
current process WorkingSet (physical memory assigned to process): 46M, peak: 46M
current process commit charge ("private bytes"): 343M, peak: 344M

vm_info: OpenJDK 64-Bit Server VM (17.0.8+7-b1000.8) for windows-amd64 JRE (17.0.8+7-b1000.8), built on 2023-08-04 by "builduser" with MS VC++ 16.10 / 16.11 (VS2019)

END.
